<?xml version="1.0" encoding="UTF-8"?>
<testsuite name="basicJunit.BasicJunit" tests="1" skipped="1" failures="0" errors="0" timestamp="2022-10-22T07:27:30" hostname="LAPTOP-R1N56CGP" time="0.001">
  <properties/>
  <testcase name="verifySomeThing()" classname="basicJunit.BasicJunit" time="0.001">
    <skipped/>
  </testcase>
  <system-out><![CDATA[]]></system-out>
  <system-err><![CDATA[]]></system-err>
</testsuite>
